make[1]: Entering directory '/root/goodcsa/kernel_xiaomi_sm8250_mod-android14-lineage21-mod/out'
  GEN     ./Makefile
scripts/kconfig/conf  --syncconfig Kconfig
  UPD     include/config/kernel.release
  GEN     ./Makefile
  WRAP    arch/arm64/include/generated/uapi/asm/errno.h
  WRAP    arch/arm64/include/generated/uapi/asm/ioctls.h
  WRAP    arch/arm64/include/generated/uapi/asm/ioctl.h
  WRAP    arch/arm64/include/generated/uapi/asm/ipcbuf.h
  WRAP    arch/arm64/include/generated/uapi/asm/kvm_para.h
  WRAP    arch/arm64/include/generated/uapi/asm/mman.h
  WRAP    arch/arm64/include/generated/uapi/asm/msgbuf.h
  WRAP    arch/arm64/include/generated/uapi/asm/resource.h
  WRAP    arch/arm64/include/generated/uapi/asm/poll.h
  WRAP    arch/arm64/include/generated/uapi/asm/sembuf.h
  WRAP    arch/arm64/include/generated/uapi/asm/shmbuf.h
  WRAP    arch/arm64/include/generated/uapi/asm/socket.h
  WRAP    arch/arm64/include/generated/uapi/asm/sockios.h
  WRAP    arch/arm64/include/generated/uapi/asm/swab.h
  WRAP    arch/arm64/include/generated/uapi/asm/termbits.h
  WRAP    arch/arm64/include/generated/uapi/asm/termios.h
  WRAP    arch/arm64/include/generated/uapi/asm/types.h
  UPD     include/generated/uapi/linux/version.h
  UPD     include/generated/utsrelease.h
  Using .. as source for kernel
  WRAP    arch/arm64/include/generated/asm/bugs.h
  WRAP    arch/arm64/include/generated/asm/delay.h
  WRAP    arch/arm64/include/generated/asm/div64.h
  WRAP    arch/arm64/include/generated/asm/dma.h
  WRAP    arch/arm64/include/generated/asm/dma-contiguous.h
  WRAP    arch/arm64/include/generated/asm/early_ioremap.h
  WRAP    arch/arm64/include/generated/asm/hw_irq.h
  WRAP    arch/arm64/include/generated/asm/emergency-restart.h
  WRAP    arch/arm64/include/generated/asm/irq_regs.h
  WRAP    arch/arm64/include/generated/asm/kdebug.h
  WRAP    arch/arm64/include/generated/asm/kmap_types.h
  WRAP    arch/arm64/include/generated/asm/local.h
  WRAP    arch/arm64/include/generated/asm/local64.h
  WRAP    arch/arm64/include/generated/asm/mcs_spinlock.h
  WRAP    arch/arm64/include/generated/asm/mm-arch-hooks.h
  WRAP    arch/arm64/include/generated/asm/msi.h
  WRAP    arch/arm64/include/generated/asm/preempt.h
  WRAP    arch/arm64/include/generated/asm/qrwlock.h
  WRAP    arch/arm64/include/generated/asm/qspinlock.h
  WRAP    arch/arm64/include/generated/asm/rwsem.h
  WRAP    arch/arm64/include/generated/asm/segment.h
  WRAP    arch/arm64/include/generated/asm/serial.h
  WRAP    arch/arm64/include/generated/asm/set_memory.h
  WRAP    arch/arm64/include/generated/asm/sizes.h
  WRAP    arch/arm64/include/generated/asm/switch_to.h
  WRAP    arch/arm64/include/generated/asm/trace_clock.h
  WRAP    arch/arm64/include/generated/asm/unaligned.h
  WRAP    arch/arm64/include/generated/asm/user.h
  WRAP    arch/arm64/include/generated/asm/vga.h
  WRAP    arch/arm64/include/generated/asm/xor.h
  HOSTCC  scripts/dtc/dtc.o
  HOSTCC  scripts/dtc/flattree.o
  CC      kernel/bounds.s
  HOSTCC  scripts/dtc/fstree.o
  HOSTCC  scripts/dtc/data.o
  UPD     include/generated/bounds.h
  UPD     include/generated/timeconst.h
  CC      arch/arm64/kernel/asm-offsets.s
  HOSTCC  scripts/dtc/livetree.o
  HOSTCC  scripts/dtc/treesource.o
  HOSTCC  scripts/dtc/srcpos.o
  HOSTCC  scripts/dtc/checks.o
  HOSTCC  scripts/dtc/util.o
  LEX     scripts/dtc/dtc-lexer.lex.c
  YACC    scripts/dtc/dtc-parser.tab.h
  YACC    scripts/dtc/dtc-parser.tab.c
  HOSTCC  scripts/dtc/dtc-lexer.lex.o
  HOSTCC  scripts/dtc/dtc-parser.tab.o
  HOSTLD  scripts/dtc/dtc
  UPD     include/generated/asm-offsets.h
  CALL    ../scripts/checksyscalls.sh
  HOSTCC  scripts/bin2c
  HOSTCC  scripts/kallsyms
  HOSTCC  scripts/conmakehash
  HOSTCC  scripts/sortextable
  CC      scripts/mod/empty.o
  HOSTCC  scripts/genksyms/genksyms.o
  HOSTCC  scripts/selinux/genheaders/genheaders
  DTC     arch/arm64/boot/dts/vendor/qcom/kona.dtb
  HOSTCC  scripts/mod/mk_elfconfig
  HOSTCC  scripts/asn1_compiler
  HOSTCC  scripts/selinux/mdp/mdp
  HOSTCC  scripts/sign-file
  CC      scripts/mod/devicetable-offsets.s
  MKELF   scripts/mod/elfconfig.h
  HOSTCC  scripts/mod/modpost.o
  HOSTCC  scripts/mod/sumversion.o
  YACC    scripts/genksyms/parse.tab.c
  HOSTCC  scripts/extract-cert
  LEX     scripts/genksyms/lex.lex.c
  YACC    scripts/genksyms/parse.tab.h
  DTC     arch/arm64/boot/dts/vendor/qcom/kona-v2.dtb
  DTC     arch/arm64/boot/dts/vendor/qcom/kona-v2.1.dtb
  HOSTCC  scripts/genksyms/parse.tab.o
  HOSTCC  scripts/genksyms/lex.lex.o
  UPD     scripts/mod/devicetable-offsets.h
  HOSTCC  scripts/mod/file2alias.o
  HOSTLD  scripts/genksyms/genksyms
  HOSTLD  scripts/mod/modpost
  LDS     arch/arm64/kernel/vdso/vdso.lds
  CC      arch/arm64/kernel/vdso/vgettimeofday.o
  AS      arch/arm64/kernel/vdso/sigreturn.o
  AS      arch/arm64/kernel/vdso/note.o
  LD      arch/arm64/kernel/vdso/vdso.so.dbg
  VDSOSYM include/generated/vdso-offsets.h
  DTC     arch/arm64/boot/dts/vendor/qcom/cas-sm8250-overlay.dtbo
  LDS     arch/arm64/kernel/vdso32/vdso.lds
  CC32    arch/arm64/kernel/vdso32/note.o
  CC32    arch/arm64/kernel/vdso32/vgettimeofday.o
  AS32    arch/arm64/kernel/vdso32/sigreturn.o
  HOSTCC  arch/arm64/kernel/vdso32/../../../arm/vdso/vdsomunge
  LD32    arch/arm64/kernel/vdso32/vdso.so.raw
  DTBOIMG arch/arm64/boot/dtbo.img
  MUNGE   arch/arm64/kernel/vdso32/vdso.so.dbg
  VDSOSYM include/generated/vdso32-offsets.h
  CHK     include/generated/compile.h
  CC      init/main.o
  CC      init/do_mounts.o
  CC      init/do_mounts_rd.o
  CC      init/do_mounts_initrd.o
  HOSTCC  usr/gen_init_cpio
  UPD     include/generated/compile.h
  CC      init/do_mounts_dm.o
  CC      arch/arm64/kernel/probes/uprobes.o
  CC      arch/arm64/mm/dma-mapping.o
  GEN     usr/initramfs_data.cpio
  AS      usr/initramfs_data.o
  AR      usr/built-in.a
  CC      arch/arm64/net/bpf_jit_comp.o
  CC      arch/arm64/kernel/probes/decode-insn.o
  CC      init/noinitramfs.o
  CC      init/initramfs.o
  CC      init/calibrate.o
  CC      init/init_task.o
  CC      arch/arm64/kernel/probes/simulate-insn.o
  CC      arch/arm64/mm/extable.o
  CC      arch/arm64/mm/fault.o
  CC      init/version.o
  AR      arch/arm64/kernel/probes/built-in.a
  OBJCOPY arch/arm64/kernel/vdso/vdso.so
  AS      arch/arm64/kernel/vdso/vdso.o
  AR      arch/arm64/net/built-in.a
  AR      arch/arm64/kernel/vdso/built-in.a
  CC      arch/arm64/crypto/sha1-ce-glue.o
  CC      arch/arm64/mm/init.o
  AS      arch/arm64/mm/cache.o
  CC      arch/arm64/mm/copypage.o
  CC      arch/arm64/mm/flush.o
  CC      arch/arm64/mm/ioremap.o
  CC      arch/arm64/mm/mmap.o
  OBJCOPY arch/arm64/kernel/vdso32/vdso.so
  AS      arch/arm64/kernel/vdso32/vdso.o
  AS      arch/arm64/crypto/sha1-ce-core.o
  AR      arch/arm64/kernel/vdso32/built-in.a
  CC      arch/arm64/kernel/debug-monitors.o
  CC      arch/arm64/crypto/sha2-ce-glue.o
  AR      init/built-in.a
  CC      arch/arm64/mm/pgd.o
  CC      kernel/bpf/core.o
  CC      kernel/bpf/syscall.o
  CC      arch/arm64/mm/mmu.o
  AS      arch/arm64/kernel/entry.o
  CC      arch/arm64/kernel/irq.o
  CC      arch/arm64/mm/context.o
  AS      arch/arm64/crypto/sha2-ce-core.o
  AS      arch/arm64/mm/proc.o
  CC      arch/arm64/crypto/ghash-ce-glue.o
  CC      arch/arm64/mm/pageattr.o
  CC      arch/arm64/mm/hugetlbpage.o
  CC      arch/arm64/kernel/fpsimd.o
  AS      arch/arm64/kernel/entry-fpsimd.o
  CC      arch/arm64/kernel/process.o
  AS      arch/arm64/crypto/ghash-ce-core.o
  AS      arch/arm64/crypto/aes-ce-core.o
  CC      arch/arm64/crypto/aes-ce-glue.o
  CC      arch/arm64/crypto/aes-ce-ccm-glue.o
  CC      arch/arm64/kernel/ptrace.o
  CC      arch/arm64/kernel/setup.o
  AR      arch/arm64/mm/built-in.a
Generating X.509 key generation config
  AS      arch/arm64/crypto/aes-ce-ccm-core.o
  CC      certs/system_keyring.o
  EXTRACT_CERTS   
  CC      kernel/bpf/verifier.o
  CC      kernel/bpf/inode.o
  CC      arch/arm64/crypto/aes-glue-ce.o
  CC      arch/arm64/kernel/signal.o
  CC      arch/arm64/kernel/sys.o
###
### Now generating an X.509 key pair to be used for signing modules.
###
### If this takes a long time, you might wish to run rngd in the
### background to keep the supply of entropy topped up.  It
### needs to be run as root, and uses a hardware random
### number generator if one is available.
###
......+...+...+...+.+.....+.+.....+.......+........+............+.+..+.......+++++++++++++++++++++++++++++++++++++++++++++++++++++++++++++++++*..........+...+++++++++++++++++++++++++++++++++++++++++++++++++++++++++++++++++*.+...+  AS      arch/arm64/crypto/aes-ce.o
..+....+.....+.........+...+.........+  CC      arch/arm64/crypto/aes-glue-neon.o
...+.......+...........+  CC      arch/arm64/kernel/stacktrace.o
...+.+................  CC      arch/arm64/kernel/time.o
............................+.......+.....+...+....+...+.........+.....+..................+.+.....+.......+...+.....................+...+...........+.+.....+......+.......+..+.+..+.+......+...+  CC      kernel/bpf/helpers.o
.....+......+.........+......+....+..+...+.+......+.....+..................+..........+........  CC      arch/arm64/kernel/traps.o
.............+...........................+.................+.+............+...+...........+.+.....+  CC      kernel/bpf/tnum.o
...+.......+.....+.......+.....................+......+........+...............+......+.........+......  CC      arch/arm64/kernel/io.o
......+.+.....+  CC      kernel/bpf/hashtab.o
.......+  AS      arch/arm64/crypto/aes-neon.o
..+......+  CC      arch/arm64/crypto/sha256-glue.o
.  CC      kernel/bpf/arraymap.o
..+......+......+.........+...+.+  CC      arch/arm64/kernel/vdso.o
.....+....+.....+  AS      arch/arm64/kernel/hyp-stub.o
......+....+.  SHIPPED arch/arm64/crypto/sha256-core.S
..  AS      arch/arm64/crypto/chacha-neon-core.o
+....  CC      arch/arm64/crypto/chacha-neon-glue.o
.....+..............+......+.+.....+..........+..................+.........+..+.........................+........+.+.....................+.....+...+...+...+.+...+...+.................+.+.........+........+.......+...........+.........+......+......+....+.........+........+...+.+.....+......+.......+............+.....+....+..+.......+...+......................................+.+..............+.+...+...+...+.....+......+...+.+...........+.........................+......+.........+......+...+..+...+......+...+...+....+......+....................+...  SHIPPED arch/arm64/crypto/poly1305-core.S
......  CC      kernel/bpf/percpu_freelist.o
......+.......+...............+...........+.+.....+..................+............+....+..+............+.......+.....+...+...+............+.+......+.........+.....+.......+.....+...+.........+............+.+...............  CC      arch/arm64/crypto/poly1305-glue.o
.....+.........+....+..+.............+.........+.....+.+......  CC      kernel/bpf/bpf_lru_list.o
+.........+...........+.+  CC      arch/arm64/kernel/psci.o
.....+....+.....+.........+......+..........+...+...............+.....+  CC      kernel/bpf/lpm_trie.o
.+..+...+......+...+......+......................+.....+  CC      arch/arm64/kernel/cpu_ops.o
++++++++++++++++++++++++++++++++++++++++++++++++++++++++++++++++
..+....+........+...+.+++++++++++++++++++++++++++++++++++++++++++++++++++++++++++++++++*....+.+..+..................+....+...........+.........+.+.........+++++++++++++++++++++++++++++++++++++++++++++++++++++++++++++++++*..  CC      kernel/bpf/map_in_map.o
+......+.....+.+..+..................+....+........+.........................+.....+.+......+...+...........+............+..........+...+  CC      arch/arm64/kernel/insn.o
......+.....+......+...+.+....................+.........+....+...+...+..+....+........+...............+...+.....  CC      arch/arm64/kernel/return_address.o
....+....+...............+.....+.+..................+  CC      kernel/bpf/local_storage.o
...+............+......+...........+................+.....+............+......+......+.........+......+.............+...+...+..............+.+......+........+......+.......+.............................+.+..+.+..+....+...+..+.............+...........+.........  CC      kernel/bpf/disasm.o
.+.........+..+....+.................+..................+......+...+.............+..+.......+......+........+............+...................  AS      arch/arm64/crypto/aes-cipher-core.o
+...+...+  CC      arch/arm64/crypto/aes-cipher-glue.o
..................+...........+....+.........+.....+......+..........+.........+  CC      kernel/bpf/btf.o
........+.........+...+.+.....+....+............+.....+...+......+.........+......+.+++++++++++++++++++++++++++++  CC      kernel/bpf/devmap.o
++++++++++++++++++++  CC      kernel/bpf/cpumap.o
++++++++++++++++
-----
###
### Key pair generated.
###
  EXTRACT_CERTS   certs/signing_key.pem
  AS      certs/system_certificates.o
  AR      certs/built-in.a
  CC      mm/filemap.o
  CC      arch/arm64/kernel/cpuinfo.o
  AS      arch/arm64/crypto/sha256-core.o
  AS      arch/arm64/crypto/poly1305-core.o
  CC      arch/arm64/kernel/cpu_errata.o
  AR      arch/arm64/crypto/built-in.a
  CC      kernel/bpf/offload.o
  CC      fs/btrfs/super.o
  CC      fs/btrfs/ctree.o
  CC      kernel/bpf/stackmap.o
  CC      kernel/bpf/cgroup.o
  CC      arch/arm64/kernel/cpufeature.o
  CC      kernel/bpf/reuseport_array.o
  CC      arch/arm64/kernel/alternative.o
  CC      arch/arm64/kernel/cacheinfo.o
  CC      arch/arm64/kernel/smp.o
  CC      arch/arm64/kernel/smp_spin_table.o
  CC      arch/arm64/kernel/topology.o
  CC      fs/btrfs/extent-tree.o
  AS      arch/arm64/kernel/smccc-call.o
  CC      arch/arm64/kernel/syscall.o
  AR      kernel/bpf/built-in.a
  CC      kernel/cgroup/cgroup.o
  CC      arch/arm64/kernel/sys32.o
  CC      fs/btrfs/print-tree.o
  CC      arch/arm64/kernel/signal32.o
  CC      mm/mempool.o
  CC      arch/arm64/kernel/sys_compat.o
  AS      arch/arm64/kernel/kuser32.o
  CC      arch/arm64/kernel/arm64ksyms.o
  CC      arch/arm64/kernel/module.o
  CC      fs/btrfs/root-tree.o
  CC      arch/arm64/kernel/module-plts.o
  CC      arch/arm64/kernel/perf_regs.o
  CC      fs/btrfs/dir-item.o
  CC      mm/oom_kill.o
  CC      arch/arm64/kernel/perf_callchain.o
  CC      fs/btrfs/file-item.o
  CC      arch/arm64/kernel/perf_event.o
  CC      arch/arm64/kernel/perf_trace_counters.o
  CC      arch/arm64/kernel/perf_trace_user.o
  CC      fs/btrfs/inode-item.o
  CC      arch/arm64/kernel/hw_breakpoint.o
  AS      arch/arm64/kernel/sleep.o
  CC      arch/arm64/kernel/suspend.o
  CC      arch/arm64/kernel/cpuidle.o
  CC      fs/btrfs/inode-map.o
  CC      mm/fadvise.o
  CC      arch/arm64/kernel/pci.o
  CC      arch/arm64/kernel/armv8_deprecated.o
  CC      fs/btrfs/disk-io.o
  CC      fs/btrfs/transaction.o
  CC      arch/arm64/kernel/kaslr.o
  CC      arch/arm64/kernel/ssbd.o
  CC      arch/arm64/kernel/hwconf_manager.o
  CC      mm/maccess.o
  AS      arch/arm64/kernel/head.o
  LDS     arch/arm64/kernel/vmlinux.lds
  CC      mm/page_alloc.o
  CC      mm/page-writeback.o
  CC      mm/readahead.o
  AR      arch/arm64/kernel/built-in.a
  CC      mm/swap.o
  CC      fs/btrfs/inode.o
  CC      fs/btrfs/file.o
  CC      kernel/cgroup/rstat.o
  CC      fs/btrfs/tree-defrag.o
  CC      kernel/cgroup/namespace.o
  CC      kernel/cgroup/cgroup-v1.o
  CC      kernel/cgroup/freezer.o
  CC      kernel/cgroup/legacy_freezer.o
  CC      kernel/cgroup/pids.o
  CC      mm/truncate.o
  CC      mm/vmscan.o
  CC      mm/shmem.o
  CC      fs/btrfs/extent_map.o
  CC      kernel/cgroup/cpuset.o
  CC      fs/btrfs/sysfs.o
  CC      fs/btrfs/struct-funcs.o
  CC      fs/btrfs/xattr.o
  CC      fs/btrfs/ordered-data.o
  CC      fs/btrfs/extent_io.o
  CC      mm/util.o
  CC      fs/btrfs/volumes.o
  CC      mm/mmzone.o
  CC      ipc/mqueue.o
  AR      kernel/cgroup/built-in.a
  CC      kernel/dma/mapping.o
  CC      mm/vmstat.o
  CC      mm/backing-dev.o
  CC      fs/btrfs/async-thread.o
  CC      kernel/dma/contiguous.o
  CC      fs/btrfs/ioctl.o
  CC      mm/mm_init.o
  CC      ipc/msgutil.o
  CC      mm/mmu_context.o
  CC      mm/percpu.o
  CC      ipc/namespace.o
  CC      kernel/dma/coherent.o
  CC      mm/slab_common.o
  CC      mm/compaction.o
  CC      fs/btrfs/locking.o
  CC      kernel/dma/removed.o
  CC      ipc/mq_sysctl.o
  CC      fs/btrfs/orphan.o
  AR      ipc/built-in.a
  GEN     security/apparmor/capability_names.h
  GEN     security/apparmor/rlim_names.h
  GEN     security/apparmor/net_names.h
  GEN     security/apparmor/net_names.h
  CC      security/apparmor/apparmorfs.o
  CC      fs/btrfs/export.o
  CC      mm/vmacache.o
  CC      kernel/dma/direct.o
  CC      fs/btrfs/tree-log.o
  CC      mm/interval_tree.o
  CC      mm/list_lru.o
  CC      fs/btrfs/free-space-cache.o
  CC      mm/workingset.o
  CC      fs/btrfs/zlib.o
  CC      kernel/dma/swiotlb.o
  CC      mm/debug.o
  CC      security/apparmor/audit.o
  CC      fs/btrfs/lzo.o
  CC      mm/gup.o
  CC      mm/highmem.o
  CC      fs/btrfs/zstd.o
  AR      kernel/dma/built-in.a
  CC      kernel/events/core.o
  CC      mm/memory.o
  CC      mm/mincore.o
  CC      fs/btrfs/compression.o
  CC      security/apparmor/capability.o
  CC      mm/mlock.o
  CC      fs/btrfs/delayed-ref.o
  CC      security/apparmor/task.o
  CC      fs/btrfs/relocation.o
  CC      fs/btrfs/delayed-inode.o
  CC      mm/mmap.o
  CC      security/apparmor/ipc.o
  CC      mm/mprotect.o
  CC      mm/mremap.o
  CC      mm/msync.o
  CC      mm/page_vma_mapped.o
  CC      fs/btrfs/scrub.o
  CC      mm/pagewalk.o
  CC      fs/btrfs/reada.o
  CC      fs/btrfs/backref.o
  CC      mm/pgtable-generic.o
  CC      mm/rmap.o
  CC      security/apparmor/lib.o
  CC      mm/vmalloc.o
  CC      mm/process_vm_access.o
  CC      security/apparmor/match.o
  CC      mm/showmem.o
  CC      mm/vmpressure.o
  CC      fs/btrfs/ulist.o
  CC      security/apparmor/path.o
  CC      mm/init-mm.o
  CC      mm/nobootmem.o
  CC      fs/btrfs/qgroup.o
  CC      mm/madvise.o
  CC      fs/btrfs/send.o
  CC      fs/btrfs/dev-replace.o
  CC      security/apparmor/domain.o
  CC      mm/memblock.o
  CC      mm/page_io.o
  CC      fs/btrfs/raid56.o
  CC      mm/swap_state.o
  CC      mm/swapfile.o
  CC      mm/swap_slots.o
  CC      fs/btrfs/uuid-tree.o
  CC      mm/swap_ratio.o
  CC      mm/dmapool.o
  CC      mm/hugetlb.o
  CC      fs/btrfs/props.o
  CC      fs/btrfs/free-space-tree.o
  CC      mm/sparse.o
  CC      security/apparmor/policy.o
  CC      fs/btrfs/tree-checker.o
  CC      fs/btrfs/acl.o
  CC      mm/sparse-vmemmap.o
  CC      kernel/events/ring_buffer.o
  CC      kernel/events/callchain.o
  CC      security/apparmor/policy_unpack.o
  CC      security/apparmor/procattr.o
  CC      mm/slub.o
  CC      mm/memory_hotplug.o
  CC      kernel/events/hw_breakpoint.o
  CC      security/apparmor/lsm.o
  CC      kernel/events/uprobes.o
  CC      security/apparmor/resource.o
  CC      mm/migrate.o
  AR      fs/btrfs/built-in.a
  CC      fs/configfs/inode.o
  CC      security/apparmor/secid.o
  CC      mm/page_counter.o
  CC      security/apparmor/file.o
  CC      security/apparmor/policy_ns.o
  CC      fs/configfs/file.o
  CC      fs/configfs/dir.o
  CC      mm/memcontrol.o
  CC      security/apparmor/label.o
  CC      mm/swap_cgroup.o
  CC      security/apparmor/mount.o
  CC      fs/configfs/symlink.o
  CC      fs/configfs/mount.o
  CC      mm/hugetlb_cgroup.o
  CC      security/apparmor/net.o
  CC      fs/configfs/item.o
  CC      mm/page_isolation.o
  CC      security/apparmor/crypto.o
  CC      mm/zsmalloc.o
  CC      fs/crypto/crypto.o
  AR      kernel/events/built-in.a
  CC      kernel/irq/irqdesc.o
  CC      kernel/irq/handle.o
  AR      fs/configfs/built-in.a
  CC      fs/devpts/inode.o
  CC      mm/early_ioremap.o
  AR      fs/devpts/built-in.a
  CC      mm/cma.o
  CC      fs/ecryptfs/dentry.o
  CC      fs/erofs/super.o
  CC      kernel/irq/manage.o
  CC      fs/crypto/fname.o
  AR      security/apparmor/built-in.a
  CC      security/integrity/iint.o
  CC      mm/frame_vector.o
  CC      fs/ecryptfs/file.o
  CC      security/integrity/integrity_audit.o
  CC      fs/crypto/hkdf.o
  CC      mm/usercopy.o
  CC      fs/ecryptfs/inode.o
  CC      fs/ecryptfs/main.o
  CC      fs/erofs/inode.o
  CC      fs/crypto/hooks.o
  CC      kernel/irq/spurious.o
  AR      security/integrity/built-in.a
  CC      security/keys/encrypted-keys/encrypted.o
  CC      mm/memfd.o
  CC      mm/process_reclaim.o
  CC      fs/erofs/data.o
  CC      fs/crypto/keyring.o
  CC      kernel/irq/resend.o
  CC      kernel/irq/chip.o
  CC      fs/erofs/namei.o
  AR      mm/built-in.a
  CC      crypto/asymmetric_keys/asymmetric_type.o
  CC      crypto/api.o
  CC      kernel/irq/dummychip.o
  CC      fs/ecryptfs/super.o
  CC      fs/erofs/dir.o
  CC      security/keys/encrypted-keys/ecryptfs_format.o
  AR      security/keys/encrypted-keys/built-in.a
  CC      security/keys/gc.o
  CC      fs/ecryptfs/mmap.o
  CC      fs/crypto/keysetup.o
  CC      crypto/asymmetric_keys/restrict.o
  CC      fs/erofs/utils.o
  CC      kernel/irq/devres.o
  CC      crypto/cipher.o
  CC      security/keys/key.o
  CC      fs/erofs/pcpubuf.o
  CC      fs/ecryptfs/read_write.o
  CC      crypto/asymmetric_keys/signature.o
  CC      fs/ecryptfs/crypto.o
  CC      fs/erofs/xattr.o
  CC      fs/crypto/keysetup_v1.o
  CC      crypto/asymmetric_keys/public_key.o
  CC      fs/ecryptfs/keystore.o
  CC      kernel/irq/autoprobe.o
  CC      security/keys/keyring.o
  CC      crypto/compress.o
  CC      fs/crypto/policy.o
  ASN.1   crypto/asymmetric_keys/x509.asn1.c
  ASN.1   crypto/asymmetric_keys/x509_akid.asn1.c
  CC      crypto/asymmetric_keys/x509_public_key.o
  CC      fs/ecryptfs/kthread.o
  CC      fs/ecryptfs/debug.o
  CC      kernel/irq/irqdomain.o
  CC      security/keys/keyctl.o
